2022-09-19 13:23:35,577 [Worker-2] INFO  c.g.t.t.d.PublishedGradleVersions - Gradle version information cache is not available. Remote download required.
2022-09-19 13:26:26,804 [Worker-9] INFO  o.e.m.c.i.e.AbstractTransferListenerAdapter - Downloading https://repo.maven.apache.org/maven2/org/apache/maven/plugins/maven-compiler-plugin/3.6.0/maven-compiler-plugin-3.6.0.jar
2022-09-19 13:26:27,260 [Worker-9] INFO  o.e.m.c.i.e.AbstractTransferListenerAdapter - Downloaded https://repo.maven.apache.org/maven2/org/apache/maven/plugins/maven-compiler-plugin/3.6.0/maven-compiler-plugin-3.6.0.jar
2022-09-19 13:26:27,726 [Worker-9] INFO  o.e.m.c.i.e.AbstractTransferListenerAdapter - Downloading https://repo.maven.apache.org/maven2/org/apache/maven/plugins/maven-compiler-plugin/3.6.0/maven-compiler-plugin-3.6.0.pom
2022-09-19 13:26:27,943 [Worker-9] INFO  o.e.m.c.i.e.AbstractTransferListenerAdapter - Downloaded https://repo.maven.apache.org/maven2/org/apache/maven/plugins/maven-compiler-plugin/3.6.0/maven-compiler-plugin-3.6.0.pom
2022-09-19 13:26:28,519 [Worker-9] INFO  o.e.m.c.i.e.AbstractTransferListenerAdapter - Downloading https://repo.maven.apache.org/maven2/org/ow2/asm/asm/6.0_ALPHA/asm-6.0_ALPHA.pom
2022-09-19 13:26:28,729 [Worker-9] INFO  o.e.m.c.i.e.AbstractTransferListenerAdapter - Downloaded https://repo.maven.apache.org/maven2/org/ow2/asm/asm/6.0_ALPHA/asm-6.0_ALPHA.pom
2022-09-19 13:26:28,944 [Worker-9] INFO  o.e.m.c.i.e.AbstractTransferListenerAdapter - Downloading https://repo.maven.apache.org/maven2/org/ow2/asm/asm-parent/6.0_ALPHA/asm-parent-6.0_ALPHA.pom
2022-09-19 13:26:29,154 [Worker-9] INFO  o.e.m.c.i.e.AbstractTransferListenerAdapter - Downloaded https://repo.maven.apache.org/maven2/org/ow2/asm/asm-parent/6.0_ALPHA/asm-parent-6.0_ALPHA.pom
2022-09-19 13:26:29,367 [Worker-9] INFO  o.e.m.c.i.e.AbstractTransferListenerAdapter - Downloading https://repo.maven.apache.org/maven2/org/codehaus/plexus/plexus-compiler-api/2.8.1/plexus-compiler-api-2.8.1.pom
2022-09-19 13:26:29,574 [Worker-9] INFO  o.e.m.c.i.e.AbstractTransferListenerAdapter - Downloaded https://repo.maven.apache.org/maven2/org/codehaus/plexus/plexus-compiler-api/2.8.1/plexus-compiler-api-2.8.1.pom
2022-09-19 13:26:29,789 [Worker-9] INFO  o.e.m.c.i.e.AbstractTransferListenerAdapter - Downloading https://repo.maven.apache.org/maven2/org/codehaus/plexus/plexus-compiler/2.8.1/plexus-compiler-2.8.1.pom
2022-09-19 13:26:29,996 [Worker-9] INFO  o.e.m.c.i.e.AbstractTransferListenerAdapter - Downloaded https://repo.maven.apache.org/maven2/org/codehaus/plexus/plexus-compiler/2.8.1/plexus-compiler-2.8.1.pom
2022-09-19 13:26:30,254 [Worker-9] INFO  o.e.m.c.i.e.AbstractTransferListenerAdapter - Downloading https://repo.maven.apache.org/maven2/org/codehaus/plexus/plexus-compiler-manager/2.8.1/plexus-compiler-manager-2.8.1.pom
2022-09-19 13:26:30,474 [Worker-9] INFO  o.e.m.c.i.e.AbstractTransferListenerAdapter - Downloaded https://repo.maven.apache.org/maven2/org/codehaus/plexus/plexus-compiler-manager/2.8.1/plexus-compiler-manager-2.8.1.pom
2022-09-19 13:26:30,685 [Worker-9] INFO  o.e.m.c.i.e.AbstractTransferListenerAdapter - Downloading https://repo.maven.apache.org/maven2/org/codehaus/plexus/plexus-compiler-javac/2.8.1/plexus-compiler-javac-2.8.1.pom
2022-09-19 13:26:30,897 [Worker-9] INFO  o.e.m.c.i.e.AbstractTransferListenerAdapter - Downloaded https://repo.maven.apache.org/maven2/org/codehaus/plexus/plexus-compiler-javac/2.8.1/plexus-compiler-javac-2.8.1.pom
2022-09-19 13:26:31,121 [Worker-9] INFO  o.e.m.c.i.e.AbstractTransferListenerAdapter - Downloading https://repo.maven.apache.org/maven2/org/codehaus/plexus/plexus-compilers/2.8.1/plexus-compilers-2.8.1.pom
2022-09-19 13:26:31,340 [Worker-9] INFO  o.e.m.c.i.e.AbstractTransferListenerAdapter - Downloaded https://repo.maven.apache.org/maven2/org/codehaus/plexus/plexus-compilers/2.8.1/plexus-compilers-2.8.1.pom
2022-09-19 13:26:31,592 [Worker-9] INFO  o.e.m.c.i.e.AbstractTransferListenerAdapter - Downloading https://repo.maven.apache.org/maven2/org/ow2/asm/asm/6.0_ALPHA/asm-6.0_ALPHA.jar
2022-09-19 13:26:31,845 [Worker-9] INFO  o.e.m.c.i.e.AbstractTransferListenerAdapter - Downloaded https://repo.maven.apache.org/maven2/org/ow2/asm/asm/6.0_ALPHA/asm-6.0_ALPHA.jar
2022-09-19 13:26:32,054 [Worker-9] INFO  o.e.m.c.i.e.AbstractTransferListenerAdapter - Downloading https://repo.maven.apache.org/maven2/org/codehaus/plexus/plexus-compiler-api/2.8.1/plexus-compiler-api-2.8.1.jar
2022-09-19 13:26:32,284 [Worker-9] INFO  o.e.m.c.i.e.AbstractTransferListenerAdapter - Downloaded https://repo.maven.apache.org/maven2/org/codehaus/plexus/plexus-compiler-api/2.8.1/plexus-compiler-api-2.8.1.jar
2022-09-19 13:26:32,490 [Worker-9] INFO  o.e.m.c.i.e.AbstractTransferListenerAdapter - Downloading https://repo.maven.apache.org/maven2/org/codehaus/plexus/plexus-compiler-manager/2.8.1/plexus-compiler-manager-2.8.1.jar
2022-09-19 13:26:33,117 [Worker-9] INFO  o.e.m.c.i.e.AbstractTransferListenerAdapter - Downloaded https://repo.maven.apache.org/maven2/org/codehaus/plexus/plexus-compiler-manager/2.8.1/plexus-compiler-manager-2.8.1.jar
2022-09-19 13:26:33,350 [Worker-9] INFO  o.e.m.c.i.e.AbstractTransferListenerAdapter - Downloading https://repo.maven.apache.org/maven2/org/codehaus/plexus/plexus-compiler-javac/2.8.1/plexus-compiler-javac-2.8.1.jar
2022-09-19 13:26:33,574 [Worker-9] INFO  o.e.m.c.i.e.AbstractTransferListenerAdapter - Downloaded https://repo.maven.apache.org/maven2/org/codehaus/plexus/plexus-compiler-javac/2.8.1/plexus-compiler-javac-2.8.1.jar
2022-09-19 13:26:34,104 [Worker-9] INFO  o.e.m.c.i.l.LifecycleMappingFactory - Using org.eclipse.m2e.jdt.JarLifecycleMapping lifecycle mapping for MavenProject: net.mooctest:Triangle:0.0.1-SNAPSHOT @ C:\mooctest\projects\4214\121574\Triangle\pom.xml.
2022-09-19 13:26:34,544 [Worker-9] WARN  o.e.m.c.i.embedder.EclipseLogger - Using platform encoding (GBK actually) to copy filtered resources, i.e. build is platform dependent!
2022-09-19 13:26:34,548 [Worker-9] INFO  o.e.m.c.i.embedder.EclipseLogger - Copying 0 resource
2022-09-19 13:26:34,552 [Worker-9] WARN  o.e.m.c.i.embedder.EclipseLogger - Using platform encoding (GBK actually) to copy filtered resources, i.e. build is platform dependent!
2022-09-19 13:26:34,552 [Worker-9] INFO  o.e.m.c.i.embedder.EclipseLogger - Copying 0 resource
2022-09-19 13:26:34,820 [Worker-12] INFO  o.e.m.c.i.l.LifecycleMappingFactory - Using org.eclipse.m2e.jdt.JarLifecycleMapping lifecycle mapping for MavenProject: net.mooctest:Triangle:0.0.1-SNAPSHOT @ C:\mooctest\projects\4214\121574\Triangle\pom.xml.
2022-09-19 13:26:35,790 [Worker-13] WARN  o.e.m.c.i.embedder.EclipseLogger - Using platform encoding (GBK actually) to copy filtered resources, i.e. build is platform dependent!
2022-09-19 13:26:35,792 [Worker-13] INFO  o.e.m.c.i.embedder.EclipseLogger - Copying 0 resource
2022-09-19 13:26:35,793 [Worker-13] WARN  o.e.m.c.i.embedder.EclipseLogger - Using platform encoding (GBK actually) to copy filtered resources, i.e. build is platform dependent!
2022-09-19 13:26:35,794 [Worker-13] INFO  o.e.m.c.i.embedder.EclipseLogger - Copying 0 resource
2022-09-19 13:26:47,782 [Worker-1] INFO  o.e.m.c.i.l.LifecycleMappingFactory - Using org.eclipse.m2e.jdt.JarLifecycleMapping lifecycle mapping for MavenProject: net.mooctest:Nextday:0.0.1-SNAPSHOT @ C:\mooctest\projects\4214\121574\Nextday\pom.xml.
2022-09-19 13:26:47,934 [Worker-1] WARN  o.e.m.c.i.embedder.EclipseLogger - Using platform encoding (GBK actually) to copy filtered resources, i.e. build is platform dependent!
2022-09-19 13:26:47,935 [Worker-1] INFO  o.e.m.c.i.embedder.EclipseLogger - Copying 0 resource
2022-09-19 13:26:47,936 [Worker-1] WARN  o.e.m.c.i.embedder.EclipseLogger - Using platform encoding (GBK actually) to copy filtered resources, i.e. build is platform dependent!
2022-09-19 13:26:47,937 [Worker-1] INFO  o.e.m.c.i.embedder.EclipseLogger - Copying 0 resource
2022-09-19 13:26:47,977 [Worker-1] WARN  o.e.m.c.i.embedder.EclipseLogger - Using platform encoding (GBK actually) to copy filtered resources, i.e. build is platform dependent!
2022-09-19 13:26:47,980 [Worker-1] INFO  o.e.m.c.i.embedder.EclipseLogger - Copying 0 resource
2022-09-19 13:26:47,981 [Worker-1] WARN  o.e.m.c.i.embedder.EclipseLogger - Using platform encoding (GBK actually) to copy filtered resources, i.e. build is platform dependent!
2022-09-19 13:26:47,983 [Worker-1] INFO  o.e.m.c.i.embedder.EclipseLogger - Copying 0 resource
2022-09-19 13:26:48,716 [Worker-10] INFO  o.e.m.c.i.l.LifecycleMappingFactory - Using org.eclipse.m2e.jdt.JarLifecycleMapping lifecycle mapping for MavenProject: net.mooctest:Nextday:0.0.1-SNAPSHOT @ C:\mooctest\projects\4214\121574\Nextday\pom.xml.
2022-09-19 13:26:49,099 [Worker-6] WARN  o.e.m.c.i.embedder.EclipseLogger - Using platform encoding (GBK actually) to copy filtered resources, i.e. build is platform dependent!
2022-09-19 13:26:49,100 [Worker-6] INFO  o.e.m.c.i.embedder.EclipseLogger - Copying 0 resource
2022-09-19 13:26:49,104 [Worker-6] WARN  o.e.m.c.i.embedder.EclipseLogger - Using platform encoding (GBK actually) to copy filtered resources, i.e. build is platform dependent!
2022-09-19 13:26:49,106 [Worker-6] INFO  o.e.m.c.i.embedder.EclipseLogger - Copying 0 resource
2022-09-19 13:26:52,615 [Worker-9] INFO  o.e.m.c.i.l.LifecycleMappingFactory - Using org.eclipse.m2e.jdt.JarLifecycleMapping lifecycle mapping for MavenProject: net.mooctest:JCLO:0.0.1-SNAPSHOT @ C:\mooctest\projects\4214\121574\JCLO\pom.xml.
2022-09-19 13:26:52,738 [Worker-9] WARN  o.e.m.c.i.embedder.EclipseLogger - Using platform encoding (GBK actually) to copy filtered resources, i.e. build is platform dependent!
2022-09-19 13:26:52,740 [Worker-9] INFO  o.e.m.c.i.embedder.EclipseLogger - Copying 0 resource
2022-09-19 13:26:52,741 [Worker-9] WARN  o.e.m.c.i.embedder.EclipseLogger - Using platform encoding (GBK actually) to copy filtered resources, i.e. build is platform dependent!
2022-09-19 13:26:52,742 [Worker-9] INFO  o.e.m.c.i.embedder.EclipseLogger - Copying 0 resource
2022-09-19 13:26:52,818 [Worker-9] WARN  o.e.m.c.i.embedder.EclipseLogger - Using platform encoding (GBK actually) to copy filtered resources, i.e. build is platform dependent!
2022-09-19 13:26:52,819 [Worker-9] INFO  o.e.m.c.i.embedder.EclipseLogger - Copying 0 resource
2022-09-19 13:26:52,821 [Worker-9] WARN  o.e.m.c.i.embedder.EclipseLogger - Using platform encoding (GBK actually) to copy filtered resources, i.e. build is platform dependent!
2022-09-19 13:26:52,822 [Worker-9] INFO  o.e.m.c.i.embedder.EclipseLogger - Copying 0 resource
2022-09-19 13:26:53,396 [Worker-1] INFO  o.e.m.c.i.l.LifecycleMappingFactory - Using org.eclipse.m2e.jdt.JarLifecycleMapping lifecycle mapping for MavenProject: net.mooctest:JCLO:0.0.1-SNAPSHOT @ C:\mooctest\projects\4214\121574\JCLO\pom.xml.
2022-09-19 13:26:53,964 [Worker-3] WARN  o.e.m.c.i.embedder.EclipseLogger - Using platform encoding (GBK actually) to copy filtered resources, i.e. build is platform dependent!
2022-09-19 13:26:53,966 [Worker-3] INFO  o.e.m.c.i.embedder.EclipseLogger - Copying 0 resource
2022-09-19 13:26:53,968 [Worker-3] WARN  o.e.m.c.i.embedder.EclipseLogger - Using platform encoding (GBK actually) to copy filtered resources, i.e. build is platform dependent!
2022-09-19 13:26:53,969 [Worker-3] INFO  o.e.m.c.i.embedder.EclipseLogger - Copying 0 resource
2022-09-19 13:26:56,919 [Worker-1] WARN  o.e.m.c.i.embedder.EclipseLogger - Using platform encoding (GBK actually) to copy filtered resources, i.e. build is platform dependent!
2022-09-19 13:26:56,920 [Worker-1] INFO  o.e.m.c.i.embedder.EclipseLogger - Copying 0 resource
2022-09-19 13:26:56,923 [Worker-1] WARN  o.e.m.c.i.embedder.EclipseLogger - Using platform encoding (GBK actually) to copy filtered resources, i.e. build is platform dependent!
2022-09-19 13:26:56,924 [Worker-1] INFO  o.e.m.c.i.embedder.EclipseLogger - Copying 0 resource
2022-09-19 19:09:14,815 [Worker-5] INFO  c.g.t.t.d.PublishedGradleVersions - Gradle version information cache is up-to-date. Trying to read.
2022-09-19 19:09:18,612 [Worker-17] WARN  o.e.m.c.i.embedder.EclipseLogger - Using platform encoding (GBK actually) to copy filtered resources, i.e. build is platform dependent!
2022-09-19 19:09:18,617 [Worker-17] INFO  o.e.m.c.i.embedder.EclipseLogger - Copying 0 resource
2022-09-19 19:09:18,619 [Worker-17] WARN  o.e.m.c.i.embedder.EclipseLogger - Using platform encoding (GBK actually) to copy filtered resources, i.e. build is platform dependent!
2022-09-19 19:09:18,619 [Worker-17] INFO  o.e.m.c.i.embedder.EclipseLogger - Copying 0 resource
2022-09-19 19:09:18,676 [Worker-17] WARN  o.e.m.c.i.embedder.EclipseLogger - Using platform encoding (GBK actually) to copy filtered resources, i.e. build is platform dependent!
2022-09-19 19:09:18,677 [Worker-17] INFO  o.e.m.c.i.embedder.EclipseLogger - Copying 0 resource
2022-09-19 19:09:18,677 [Worker-17] WARN  o.e.m.c.i.embedder.EclipseLogger - Using platform encoding (GBK actually) to copy filtered resources, i.e. build is platform dependent!
2022-09-19 19:09:18,678 [Worker-17] INFO  o.e.m.c.i.embedder.EclipseLogger - Copying 0 resource
2022-09-19 19:09:18,765 [Worker-17] WARN  o.e.m.c.i.embedder.EclipseLogger - Using platform encoding (GBK actually) to copy filtered resources, i.e. build is platform dependent!
2022-09-19 19:09:18,766 [Worker-17] INFO  o.e.m.c.i.embedder.EclipseLogger - Copying 0 resource
2022-09-19 19:09:18,767 [Worker-17] WARN  o.e.m.c.i.embedder.EclipseLogger - Using platform encoding (GBK actually) to copy filtered resources, i.e. build is platform dependent!
2022-09-19 19:09:18,768 [Worker-17] INFO  o.e.m.c.i.embedder.EclipseLogger - Copying 0 resource
2022-09-21 14:34:24,450 [Worker-0] INFO  c.g.t.t.d.PublishedGradleVersions - Gradle version information cache is out-of-date. Trying to update.
2022-09-21 14:55:21,290 [Worker-23] INFO  o.e.m.c.i.l.LifecycleMappingFactory - Using org.eclipse.m2e.jdt.JarLifecycleMapping lifecycle mapping for MavenProject: net.mooctest:Triangle:0.0.1-SNAPSHOT @ C:\mooctest\projects\4214\121574\Triangle\pom.xml.
2022-09-21 14:55:21,790 [Worker-23] WARN  o.e.m.c.i.embedder.EclipseLogger - Using platform encoding (GBK actually) to copy filtered resources, i.e. build is platform dependent!
2022-09-21 14:55:21,796 [Worker-23] INFO  o.e.m.c.i.embedder.EclipseLogger - Copying 0 resource
2022-09-21 14:55:21,800 [Worker-23] WARN  o.e.m.c.i.embedder.EclipseLogger - Using platform encoding (GBK actually) to copy filtered resources, i.e. build is platform dependent!
2022-09-21 14:55:21,801 [Worker-23] INFO  o.e.m.c.i.embedder.EclipseLogger - Copying 0 resource
2022-09-21 14:55:23,418 [Worker-19] INFO  o.e.m.c.i.l.LifecycleMappingFactory - Using org.eclipse.m2e.jdt.JarLifecycleMapping lifecycle mapping for MavenProject: net.mooctest:Triangle:0.0.1-SNAPSHOT @ C:\mooctest\projects\4214\121574\Triangle\pom.xml.
2022-09-21 14:55:23,439 [Worker-25] WARN  o.e.m.c.i.embedder.EclipseLogger - Using platform encoding (GBK actually) to copy filtered resources, i.e. build is platform dependent!
2022-09-21 14:55:23,442 [Worker-25] INFO  o.e.m.c.i.embedder.EclipseLogger - Copying 0 resource
2022-09-21 14:55:23,445 [Worker-25] WARN  o.e.m.c.i.embedder.EclipseLogger - Using platform encoding (GBK actually) to copy filtered resources, i.e. build is platform dependent!
2022-09-21 14:55:23,446 [Worker-25] INFO  o.e.m.c.i.embedder.EclipseLogger - Copying 0 resource
2022-09-21 14:55:24,489 [Worker-25] WARN  o.e.m.c.i.embedder.EclipseLogger - Using platform encoding (GBK actually) to copy filtered resources, i.e. build is platform dependent!
2022-09-21 14:55:24,490 [Worker-25] INFO  o.e.m.c.i.embedder.EclipseLogger - Copying 0 resource
2022-09-21 14:55:24,491 [Worker-25] WARN  o.e.m.c.i.embedder.EclipseLogger - Using platform encoding (GBK actually) to copy filtered resources, i.e. build is platform dependent!
2022-09-21 14:55:24,492 [Worker-25] INFO  o.e.m.c.i.embedder.EclipseLogger - Copying 0 resource
2022-09-21 14:55:27,092 [Worker-19] INFO  o.e.m.c.i.l.LifecycleMappingFactory - Using org.eclipse.m2e.jdt.JarLifecycleMapping lifecycle mapping for MavenProject: net.mooctest:Nextday:0.0.1-SNAPSHOT @ C:\mooctest\projects\4214\121574\Nextday\pom.xml.
2022-09-21 14:55:27,250 [Worker-19] WARN  o.e.m.c.i.embedder.EclipseLogger - Using platform encoding (GBK actually) to copy filtered resources, i.e. build is platform dependent!
2022-09-21 14:55:27,252 [Worker-19] INFO  o.e.m.c.i.embedder.EclipseLogger - Copying 0 resource
2022-09-21 14:55:27,253 [Worker-19] WARN  o.e.m.c.i.embedder.EclipseLogger - Using platform encoding (GBK actually) to copy filtered resources, i.e. build is platform dependent!
2022-09-21 14:55:27,254 [Worker-19] INFO  o.e.m.c.i.embedder.EclipseLogger - Copying 0 resource
2022-09-21 14:55:27,302 [Worker-19] WARN  o.e.m.c.i.embedder.EclipseLogger - Using platform encoding (GBK actually) to copy filtered resources, i.e. build is platform dependent!
2022-09-21 14:55:27,305 [Worker-19] INFO  o.e.m.c.i.embedder.EclipseLogger - Copying 0 resource
2022-09-21 14:55:27,307 [Worker-19] WARN  o.e.m.c.i.embedder.EclipseLogger - Using platform encoding (GBK actually) to copy filtered resources, i.e. build is platform dependent!
2022-09-21 14:55:27,308 [Worker-19] INFO  o.e.m.c.i.embedder.EclipseLogger - Copying 0 resource
2022-09-21 14:55:27,996 [Worker-23] INFO  o.e.m.c.i.l.LifecycleMappingFactory - Using org.eclipse.m2e.jdt.JarLifecycleMapping lifecycle mapping for MavenProject: net.mooctest:Nextday:0.0.1-SNAPSHOT @ C:\mooctest\projects\4214\121574\Nextday\pom.xml.
2022-09-21 14:55:28,395 [Worker-20] WARN  o.e.m.c.i.embedder.EclipseLogger - Using platform encoding (GBK actually) to copy filtered resources, i.e. build is platform dependent!
2022-09-21 14:55:28,396 [Worker-20] INFO  o.e.m.c.i.embedder.EclipseLogger - Copying 0 resource
2022-09-21 14:55:28,399 [Worker-20] WARN  o.e.m.c.i.embedder.EclipseLogger - Using platform encoding (GBK actually) to copy filtered resources, i.e. build is platform dependent!
2022-09-21 14:55:28,400 [Worker-20] INFO  o.e.m.c.i.embedder.EclipseLogger - Copying 0 resource
2022-09-21 14:55:30,687 [Worker-24] INFO  o.e.m.c.i.l.LifecycleMappingFactory - Using org.eclipse.m2e.jdt.JarLifecycleMapping lifecycle mapping for MavenProject: net.mooctest:JCLO:0.0.1-SNAPSHOT @ C:\mooctest\projects\4214\121574\JCLO\pom.xml.
2022-09-21 14:55:30,838 [Worker-24] WARN  o.e.m.c.i.embedder.EclipseLogger - Using platform encoding (GBK actually) to copy filtered resources, i.e. build is platform dependent!
2022-09-21 14:55:30,839 [Worker-24] INFO  o.e.m.c.i.embedder.EclipseLogger - Copying 0 resource
2022-09-21 14:55:30,840 [Worker-24] WARN  o.e.m.c.i.embedder.EclipseLogger - Using platform encoding (GBK actually) to copy filtered resources, i.e. build is platform dependent!
2022-09-21 14:55:30,841 [Worker-24] INFO  o.e.m.c.i.embedder.EclipseLogger - Copying 0 resource
2022-09-21 14:55:30,900 [Worker-24] WARN  o.e.m.c.i.embedder.EclipseLogger - Using platform encoding (GBK actually) to copy filtered resources, i.e. build is platform dependent!
2022-09-21 14:55:30,901 [Worker-24] INFO  o.e.m.c.i.embedder.EclipseLogger - Copying 0 resource
2022-09-21 14:55:30,903 [Worker-24] WARN  o.e.m.c.i.embedder.EclipseLogger - Using platform encoding (GBK actually) to copy filtered resources, i.e. build is platform dependent!
2022-09-21 14:55:30,904 [Worker-24] INFO  o.e.m.c.i.embedder.EclipseLogger - Copying 0 resource
2022-09-21 14:55:31,307 [Worker-26] INFO  o.e.m.c.i.l.LifecycleMappingFactory - Using org.eclipse.m2e.jdt.JarLifecycleMapping lifecycle mapping for MavenProject: net.mooctest:JCLO:0.0.1-SNAPSHOT @ C:\mooctest\projects\4214\121574\JCLO\pom.xml.
2022-09-21 14:55:31,962 [Worker-24] WARN  o.e.m.c.i.embedder.EclipseLogger - Using platform encoding (GBK actually) to copy filtered resources, i.e. build is platform dependent!
2022-09-21 14:55:31,963 [Worker-24] INFO  o.e.m.c.i.embedder.EclipseLogger - Copying 0 resource
2022-09-21 14:55:31,964 [Worker-24] WARN  o.e.m.c.i.embedder.EclipseLogger - Using platform encoding (GBK actually) to copy filtered resources, i.e. build is platform dependent!
2022-09-21 14:55:31,965 [Worker-24] INFO  o.e.m.c.i.embedder.EclipseLogger - Copying 0 resource
2022-09-21 14:55:33,087 [Worker-23] WARN  o.e.m.c.i.embedder.EclipseLogger - Using platform encoding (GBK actually) to copy filtered resources, i.e. build is platform dependent!
2022-09-21 14:55:33,088 [Worker-23] INFO  o.e.m.c.i.embedder.EclipseLogger - Copying 0 resource
2022-09-21 14:55:33,089 [Worker-23] WARN  o.e.m.c.i.embedder.EclipseLogger - Using platform encoding (GBK actually) to copy filtered resources, i.e. build is platform dependent!
2022-09-21 14:55:33,090 [Worker-23] INFO  o.e.m.c.i.embedder.EclipseLogger - Copying 0 resource
2022-09-26 09:02:03,996 [Worker-4] INFO  c.g.t.t.d.PublishedGradleVersions - Gradle version information cache is out-of-date. Trying to update.
2022-09-26 09:02:06,913 [Worker-4] WARN  o.e.m.c.i.embedder.EclipseLogger - Using platform encoding (GBK actually) to copy filtered resources, i.e. build is platform dependent!
2022-09-26 09:02:06,928 [Worker-4] INFO  o.e.m.c.i.embedder.EclipseLogger - Copying 0 resource
2022-09-26 09:02:06,930 [Worker-4] WARN  o.e.m.c.i.embedder.EclipseLogger - Using platform encoding (GBK actually) to copy filtered resources, i.e. build is platform dependent!
2022-09-26 09:02:06,931 [Worker-4] INFO  o.e.m.c.i.embedder.EclipseLogger - Copying 0 resource
2022-09-26 09:02:06,978 [Worker-4] WARN  o.e.m.c.i.embedder.EclipseLogger - Using platform encoding (GBK actually) to copy filtered resources, i.e. build is platform dependent!
2022-09-26 09:02:06,979 [Worker-4] INFO  o.e.m.c.i.embedder.EclipseLogger - Copying 0 resource
2022-09-26 09:02:06,981 [Worker-4] WARN  o.e.m.c.i.embedder.EclipseLogger - Using platform encoding (GBK actually) to copy filtered resources, i.e. build is platform dependent!
2022-09-26 09:02:06,982 [Worker-4] INFO  o.e.m.c.i.embedder.EclipseLogger - Copying 0 resource
2022-09-26 09:02:07,012 [Worker-4] WARN  o.e.m.c.i.embedder.EclipseLogger - Using platform encoding (GBK actually) to copy filtered resources, i.e. build is platform dependent!
2022-09-26 09:02:07,014 [Worker-4] INFO  o.e.m.c.i.embedder.EclipseLogger - Copying 0 resource
2022-09-26 09:02:07,016 [Worker-4] WARN  o.e.m.c.i.embedder.EclipseLogger - Using platform encoding (GBK actually) to copy filtered resources, i.e. build is platform dependent!
2022-09-26 09:02:07,017 [Worker-4] INFO  o.e.m.c.i.embedder.EclipseLogger - Copying 0 resource
2022-09-28 15:30:57,063 [Worker-6] INFO  c.g.t.t.d.PublishedGradleVersions - Gradle version information cache is out-of-date. Trying to update.
2022-10-17 10:20:53,259 [Worker-12] INFO  c.g.t.t.d.PublishedGradleVersions - Gradle version information cache is out-of-date. Trying to update.
2022-10-17 10:40:38,770 [Worker-21] WARN  o.e.r.models.ModelRepository - Failed to download org.eclipse.recommenders:index::zip:0.0.0
org.eclipse.aether.resolution.ArtifactResolutionException: Could not find artifact org.eclipse.recommenders:index:zip:0.0.0-SNAPSHOT in models (http://download.eclipse.org/recommenders/models/oxygen/)
	at org.eclipse.aether.internal.impl.DefaultArtifactResolver.resolve(DefaultArtifactResolver.java:453) ~[na:na]
	at org.eclipse.aether.internal.impl.DefaultArtifactResolver.resolveArtifacts(DefaultArtifactResolver.java:255) ~[na:na]
	at org.eclipse.aether.internal.impl.DefaultArtifactResolver.resolveArtifact(DefaultArtifactResolver.java:232) ~[na:na]
	at org.eclipse.aether.internal.impl.DefaultRepositorySystem.resolveArtifact(DefaultRepositorySystem.java:303) ~[na:na]
	at org.eclipse.recommenders.models.ModelRepository.resolveInternal(ModelRepository.java:193) [org.eclipse.recommenders.models_2.5.2.v20180401-1226.jar:na]
	at org.eclipse.recommenders.models.ModelRepository.resolve(ModelRepository.java:172) [org.eclipse.recommenders.models_2.5.2.v20180401-1226.jar:na]
	at org.eclipse.recommenders.internal.models.rcp.EclipseModelRepository.resolve(EclipseModelRepository.java:168) [org.eclipse.recommenders.models.rcp_2.5.2.v20180401-1226.jar:na]
	at org.eclipse.recommenders.internal.models.rcp.DownloadModelArchiveJob.run(DownloadModelArchiveJob.java:76) [org.eclipse.recommenders.models.rcp_2.5.2.v20180401-1226.jar:na]
	at org.eclipse.core.internal.jobs.Worker.run(Worker.java:56) [org.eclipse.core.jobs_3.9.3.v20180115-1757.jar:na]
Caused by: org.eclipse.aether.transfer.ArtifactNotFoundException: Could not find artifact org.eclipse.recommenders:index:zip:0.0.0-SNAPSHOT in models (http://download.eclipse.org/recommenders/models/oxygen/)
	at org.eclipse.aether.connector.basic.ArtifactTransportListener.transferFailed(ArtifactTransportListener.java:48) ~[org.apache.maven.resolver.connector.basic_1.0.3.v20170405-0725.jar:1.0.3]
	at org.eclipse.aether.connector.basic.BasicRepositoryConnector$TaskRunner.run(BasicRepositoryConnector.java:364) ~[org.apache.maven.resolver.connector.basic_1.0.3.v20170405-0725.jar:1.0.3]
	at org.eclipse.aether.util.concurrency.RunnableErrorForwarder$1.run(RunnableErrorForwarder.java:76) ~[na:na]
	at org.eclipse.aether.connector.basic.BasicRepositoryConnector$DirectExecutor.execute(BasicRepositoryConnector.java:590) ~[org.apache.maven.resolver.connector.basic_1.0.3.v20170405-0725.jar:1.0.3]
	at org.eclipse.aether.connector.basic.BasicRepositoryConnector.get(BasicRepositoryConnector.java:258) ~[org.apache.maven.resolver.connector.basic_1.0.3.v20170405-0725.jar:1.0.3]
	at org.eclipse.aether.internal.impl.DefaultArtifactResolver.performDownloads(DefaultArtifactResolver.java:529) ~[na:na]
	at org.eclipse.aether.internal.impl.DefaultArtifactResolver.resolve(DefaultArtifactResolver.java:430) ~[na:na]
	... 8 common frames omitted
